1646372559594	geckodriver	INFO	Listening on 127.0.0.1:50683
1646372562663	mozrunner::runner	INFO	Running command: "C:\\Program Files (x86)\\Mozilla Firefox\\firefox.exe" "--marionette" "-no-remote" "-profile" "C:\\Users\\trainer1\\AppData\\Local\\Temp\\2\\rust_mozprofileB70TN9"
1646372572115	Marionette	INFO	Marionette enabled
console.warn: SearchSettings: "get: No settings file exists, new profile?" (new NotFoundError("Could not open the file at C:\\Users\\trainer1\\AppData\\Local\\Temp\\2\\rust_mozprofileB70TN9\\search.json.mozlz4", (void 0)))
1646372576986	Marionette	INFO	Listening on port 50692
1646372633738	geckodriver	INFO	Listening on 127.0.0.1:50740
1646372636773	mozrunner::runner	INFO	Running command: "C:\\Program Files (x86)\\Mozilla Firefox\\firefox.exe" "--marionette" "-no-remote" "-profile" "C:\\Users\\trainer1\\AppData\\Local\\Temp\\2\\rust_mozprofilep7xQiw"
1646372637198	Marionette	INFO	Marionette enabled
console.warn: SearchSettings: "get: No settings file exists, new profile?" (new NotFoundError("Could not open the file at C:\\Users\\trainer1\\AppData\\Local\\Temp\\2\\rust_mozprofilep7xQiw\\search.json.mozlz4", (void 0)))
1646372639155	Marionette	INFO	Listening on port 50748
1646372639560	RemoteAgent	WARN	TLS certificate errors will be ignored for this session
console.warn: LoginRecipes: "getRecipes: falling back to a synchronous message for:" "https://opensource-demo.orangehrmlive.com"
console.warn: LoginRecipes: "getRecipes: falling back to a synchronous message for:" "https://opensource-demo.orangehrmlive.com"
JavaScript error: resource://gre/modules/LoginManagerParent.jsm, line 136: TypeError: gRecipeManager is null
1646372646906	Marionette	INFO	Stopped listening on port 50748
1646385959795	geckodriver	INFO	Listening on 127.0.0.1:52290
1646385962832	mozrunner::runner	INFO	Running command: "C:\\Program Files (x86)\\Mozilla Firefox\\firefox.exe" "--marionette" "-no-remote" "-profile" "C:\\Users\\trainer1\\AppData\\Local\\Temp\\2\\rust_mozprofileajMj0F"
1646385963315	Marionette	INFO	Marionette enabled
console.warn: SearchSettings: "get: No settings file exists, new profile?" (new NotFoundError("Could not open the file at C:\\Users\\trainer1\\AppData\\Local\\Temp\\2\\rust_mozprofileajMj0F\\search.json.mozlz4", (void 0)))
1646385965430	Marionette	INFO	Listening on port 52299
1646385965574	RemoteAgent	WARN	TLS certificate errors will be ignored for this session
console.warn: LoginRecipes: "getRecipes: falling back to a synchronous message for:" "https://opensource-demo.orangehrmlive.com"
console.warn: LoginRecipes: "getRecipes: falling back to a synchronous message for:" "https://opensource-demo.orangehrmlive.com"
JavaScript error: resource://gre/modules/LoginManagerParent.jsm, line 136: TypeError: gRecipeManager is null
1646385974020	Marionette	INFO	Stopped listening on port 52299
1646647831727	geckodriver	INFO	Listening on 127.0.0.1:56645
1646647834350	mozrunner::runner	INFO	Running command: "C:\\Program Files (x86)\\Mozilla Firefox\\firefox.exe" "--marionette" "-no-remote" "-profile" "C:\\Users\\trainer1\\AppData\\Local\\Temp\\2\\rust_mozprofilefhioWO"
1646647842756	Marionette	INFO	Marionette enabled
console.warn: SearchSettings: "get: No settings file exists, new profile?" (new NotFoundError("Could not open the file at C:\\Users\\trainer1\\AppData\\Local\\Temp\\2\\rust_mozprofilefhioWO\\search.json.mozlz4", (void 0)))
1646647847391	Marionette	INFO	Listening on port 56656
1646647847648	RemoteAgent	WARN	TLS certificate errors will be ignored for this session
JavaScript error: , line 0: NS_ERROR_NOT_AVAILABLE
1646649415549	Marionette	INFO	Stopped listening on port 56656
C:\\Program Files (x86)\\Mozilla Firefox\\firefox.exe" "--marionette" "-no-remote" "-profile" "C:\\Users\\trainer1\\AppData\\Local\\Temp\\2\\rust_mozprofilefesM2C"
1646648141641	Marionette	INFO	Marionette enabled
console.warn: SearchSettings: "get: No settings file exists, new profile?" (new NotFoundError("Could not open the file at C:\\Users\\trainer1\\AppData\\Local\\Temp\\2\\rust_mozprofilefesM2C\\search.json.mozlz4", (void 0)))
1646648143426	Marionette	INFO	Listening on port 57013
1646648143585	RemoteAgent	WARN	TLS certificate errors will be ignored for this session
1646648148843	Marionette	INFO	Stopped listening on port 57013
1646648186906	geckodriver	INFO	Listening on 127.0.0.1:57113
1646648189940	mozrunner::runner	INFO	Running command: "C:\\Program Files (x86)\\Mozilla Firefox\\firefox.exe" "--marionette" "-no-remote" "-profile" "C:\\Users\\trainer1\\AppData\\Local\\Temp\\2\\rust_mozprofile5TzBYY"
1646648190315	Marionette	INFO	Marionette enabled
console.warn: SearchSettings: "get: No settings file exists, new profile?" (new NotFoundError("Could not open the file at C:\\Users\\trainer1\\AppData\\Local\\Temp\\2\\rust_mozprofile5TzBYY\\search.json.mozlz4", (void 0)))
1646648192186	Marionette	INFO	Listening on port 57124
1646648192663	RemoteAgent	WARN	TLS certificate errors will be ignored for this session
1646648197700	Marionette	INFO	Stopped listening on port 57124
1646648233537	geckodriver	INFO	Listening on 127.0.0.1:57228
1646648236579	mozrunner::runner	INFO	Running command: "C:\\Program Files (x86)\\Mozilla Firefox\\firefox.exe" "--marionette" "-no-remote" "-profile" "C:\\Users\\trainer1\\AppData\\Local\\Temp\\2\\rust_mozprofileWJGPQl"
1646648236935	Marionette	INFO	Marionette enabled
console.warn: SearchSettings: "get: No settings file exists, new profile?" (new NotFoundError("Could not open the file at C:\\Users\\trainer1\\AppData\\Local\\Temp\\2\\rust_mozprofileWJGPQl\\search.json.mozlz4", (void 0)))
1646648238890	Marionette	INFO	Listening on port 57239
1646648239308	RemoteAgent	WARN	TLS certificate errors will be ignored for this session
1646648317552	Marionette	INFO	Stopped listening on port 57239
1646648322873	geckodriver	INFO	Listening on 127.0.0.1:57388
1646648325898	mozrunner::runner	INFO	Running command: "C:\\Program Files (x86)\\Mozilla Firefox\\firefox.exe" "--marionette" "-no-remote" "-profile" "C:\\Users\\trainer1\\AppData\\Local\\Temp\\2\\rust_mozprofileCTBLqp"
1646648326307	Marionette	INFO	Marionette enabled
console.warn: SearchSettings: "get: No settings file exists, new profile?" (new NotFoundError("Could not open the file at C:\\Users\\trainer1\\AppData\\Local\\Temp\\2\\rust_mozprofileCTBLqp\\search.json.mozlz4", (void 0)))
1646648328268	Marionette	INFO	Listening on port 57399
1646648328629	RemoteAgent	WARN	TLS certificate errors will be ignored for this session
1646648333650	Marionette	INFO	Stopped listening on port 57399
1646648391621	geckodriver	INFO	Listening on 127.0.0.1:57525
1646648394666	mozrunner::runner	INFO	Running command: "C:\\Program Files (x86)\\Mozilla Firefox\\firefox.exe" "--marionette" "-no-remote" "-profile" "C:\\Users\\trainer1\\AppData\\Local\\Temp\\2\\rust_mozprofileFXEkKZ"
1646648395026	Marionette	INFO	Marionette enabled
console.warn: SearchSettings: "get: No settings file exists, new profile?" (new NotFoundError("Could not open the file at C:\\Users\\trainer1\\AppData\\Local\\Temp\\2\\rust_mozprofileFXEkKZ\\search.json.mozlz4", (void 0)))
1646648396922	Marionette	INFO	Listening on port 57537
1646648397394	RemoteAgent	WARN	TLS certificate errors will be ignored for this session
1646648405880	Marionette	WARN	TimedPromise timed out after 500 ms: stacktrace:
TimedPromise/<@chrome://remote/content/marionette/sync.js:235:19
TimedPromise@chrome://remote/content/marionette/sync.js:220:10
interaction.flushEventLoop@chrome://remote/content/marionette/interaction.js:431:10
webdriverClickElement@chrome://remote/content/marionette/interaction.js:179:31
1646648414503	Marionette	INFO	Stopped listening on port 57537
1646649292481	geckodriver	INFO	Listening on 127.0.0.1:58406
1646649295523	mozrunner::runner	INFO	Running command: "C:\\Program Files (x86)\\Mozilla Firefox\\firefox.exe" "--marionette" "-no-remote" "-profile" "C:\\Users\\trainer1\\AppData\\Local\\Temp\\2\\rust_mozprofile6XZnRZ"
1646649295896	Marionette	INFO	Marionette enabled
console.warn: SearchSettings: "get: No settings file exists, new profile?" (new NotFoundError("Could not open the file at C:\\Users\\trainer1\\AppData\\Local\\Temp\\2\\rust_mozprofile6XZnRZ\\search.json.mozlz4", (void 0)))
1646649297777	Marionette	INFO	Listening on port 58418
1646649298251	RemoteAgent	WARN	TLS certificate errors will be ignored for this session
1646649424574	Marionette	INFO	Stopped listening on port 58418
1646649560961	geckodriver	INFO	Listening on 127.0.0.1:58721
1646649564004	mozrunner::runner	INFO	Running command: "C:\\Program Files (x86)\\Mozilla Firefox\\firefox.exe" "--marionette" "-no-remote" "-profile" "C:\\Users\\trainer1\\AppData\\Local\\Temp\\2\\rust_mozprofiletTBQNg"
1646649564399	Marionette	INFO	Marionette enabled
console.warn: SearchSettings: "get: No settings file exists, new profile?" (new NotFoundError("Could not open the file at C:\\Users\\trainer1\\AppData\\Local\\Temp\\2\\rust_mozprofiletTBQNg\\search.json.mozlz4", (void 0)))
1646649566190	Marionette	INFO	Listening on port 58732
1646649566249	RemoteAgent	WARN	TLS certificate errors will be ignored for this session
1646649575239	Marionette	WARN	TimedPromise timed out after 500 ms: stacktrace:
TimedPromise/<@chrome://remote/content/marionette/sync.js:235:19
TimedPromise@chrome://remote/content/marionette/sync.js:220:10
interaction.flushEventLoop@chrome://remote/content/marionette/interaction.js:431:10
webdriverClickElement@chrome://remote/content/marionette/interaction.js:179:31
console.warn: LoginRecipes: "getRecipes: falling back to a synchronous message for:" "https://nichethyself.com"
1646649583965	Marionette	INFO	Stopped listening on port 58732
JavaScript error: resource://gre/modules/Prompter.jsm, line 1189: NS_ERROR_NOT_AVAILABLE: prompt aborted by user
1646728256837	geckodriver	INFO	Listening on 127.0.0.1:54954
1646728259384	mozrunner::runner	INFO	Running command: "C:\\Program Files (x86)\\Mozilla Firefox\\firefox.exe" "--marionette" "-no-remote" "-profile" "C:\\Users\\trainer1\\AppData\\Local\\Temp\\2\\rust_mozprofileNxk4Ow"
1646728267218	Marionette	INFO	Marionette enabled
console.warn: SearchSettings: "get: No settings file exists, new profile?" (new NotFoundError("Could not open the file at C:\\Users\\trainer1\\AppData\\Local\\Temp\\2\\rust_mozprofileNxk4Ow\\search.json.mozlz4", (void 0)))
1646728271852	Marionette	INFO	Listening on port 54967
1646728272217	RemoteAgent	WARN	TLS certificate errors will be ignored for this session
console.warn: LoginRecipes: "getRecipes: falling back to a synchronous message for:" "https://opensource-demo.orangehrmlive.com"
console.warn: LoginRecipes: "getRecipes: falling back to a synchronous message for:" "https://opensource-demo.orangehrmlive.com"
JavaScript error: resource://gre/modules/LoginManagerParent.jsm, line 136: TypeError: gRecipeManager is null
1646728280570	Marionette	INFO	Stopped listening on port 54967
[Parent 7668, IPC I/O Parent] WARNING: pipe error: 232: file /builds/worker/checkouts/gecko/ipc/chromium/src/chrome/common/ipc_channel_win.cc:565
1646728382089	geckodriver	INFO	Listening on 127.0.0.1:55335
1646728385121	mozrunner::runner	INFO	Running command: "C:\\Program Files (x86)\\Mozilla Firefox\\firefox.exe" "--marionette" "-no-remote" "-profile" "C:\\Users\\trainer1\\AppData\\Local\\Temp\\2\\rust_mozprofilejaEixP"
1646728385526	Marionette	INFO	Marionette enabled
console.warn: SearchSettings: "get: No settings file exists, new profile?" (new NotFoundError("Could not open the file at C:\\Users\\trainer1\\AppData\\Local\\Temp\\2\\rust_mozprofilejaEixP\\search.json.mozlz4", (void 0)))
1646728387480	Marionette	INFO	Listening on port 55348
1646728387889	RemoteAgent	WARN	TLS certificate errors will be ignored for this session
console.warn: LoginRecipes: "getRecipes: falling back to a synchronous message for:" "https://opensource-demo.orangehrmlive.com"
console.warn: LoginRecipes: "getRecipes: falling back to a synchronous message for:" "https://opensource-demo.orangehrmlive.com"
JavaScript error: resource://gre/modules/LoginManagerParent.jsm, line 136: TypeError: gRecipeManager is null
1646728396526	Marionette	INFO	Stopped listening on port 55348
